{"level":"info","message":"Server is running on port 3002","service":"post-service","timestamp":"2025-08-23T04:28:50.580Z"}
{"level":"error","message":"MongoDB connection error: The `uri` parameter to `openUri()` must be a string, got \"undefined\". Make sure the first parameter to `mongoose.connect()` or `mongoose.createConnection()` is a string.","service":"post-service","stack":"MongooseError: The `uri` parameter to `openUri()` must be a string, got \"undefined\". Make sure the first parameter to `mongoose.connect()` or `mongoose.createConnection()` is a string.\n    at NativeConnection.createClient (C:\\Users\\Rishi\\Desktop\\backend\\Part -2\\social_media_microservices\\post-service\\node_modules\\mongoose\\lib\\drivers\\node-mongodb-native\\connection.js:237:11)\n    at NativeConnection.openUri (C:\\Users\\Rishi\\Desktop\\backend\\Part -2\\social_media_microservices\\post-service\\node_modules\\mongoose\\lib\\connection.js:1071:34)\n    at Mongoose.connect (C:\\Users\\Rishi\\Desktop\\backend\\Part -2\\social_media_microservices\\post-service\\node_modules\\mongoose\\lib\\mongoose.js:450:15)\n    at Object.<anonymous> (C:\\Users\\Rishi\\Desktop\\backend\\Part -2\\social_media_microservices\\post-service\\src\\server.js:18:10)\n    at Module._compile (node:internal/modules/cjs/loader:1730:14)\n    at Object..js (node:internal/modules/cjs/loader:1895:10)\n    at Module.load (node:internal/modules/cjs/loader:1465:32)\n    at Function._load (node:internal/modules/cjs/loader:1282:12)\n    at TracingChannel.traceSync (node:diagnostics_channel:322:14)\n    at wrapModuleLoad (node:internal/modules/cjs/loader:235:24)","timestamp":"2025-08-23T04:28:50.582Z"}
{"level":"info","message":"Server is running on port 3002","service":"post-service","timestamp":"2025-08-23T04:30:07.079Z"}
{"level":"error","message":"MongoDB connection error: The `uri` parameter to `openUri()` must be a string, got \"undefined\". Make sure the first parameter to `mongoose.connect()` or `mongoose.createConnection()` is a string.","service":"post-service","stack":"MongooseError: The `uri` parameter to `openUri()` must be a string, got \"undefined\". Make sure the first parameter to `mongoose.connect()` or `mongoose.createConnection()` is a string.\n    at NativeConnection.createClient (C:\\Users\\Rishi\\Desktop\\backend\\Part -2\\social_media_microservices\\post-service\\node_modules\\mongoose\\lib\\drivers\\node-mongodb-native\\connection.js:237:11)\n    at NativeConnection.openUri (C:\\Users\\Rishi\\Desktop\\backend\\Part -2\\social_media_microservices\\post-service\\node_modules\\mongoose\\lib\\connection.js:1071:34)\n    at Mongoose.connect (C:\\Users\\Rishi\\Desktop\\backend\\Part -2\\social_media_microservices\\post-service\\node_modules\\mongoose\\lib\\mongoose.js:450:15)\n    at Object.<anonymous> (C:\\Users\\Rishi\\Desktop\\backend\\Part -2\\social_media_microservices\\post-service\\src\\server.js:18:10)\n    at Module._compile (node:internal/modules/cjs/loader:1730:14)\n    at Object..js (node:internal/modules/cjs/loader:1895:10)\n    at Module.load (node:internal/modules/cjs/loader:1465:32)\n    at Function._load (node:internal/modules/cjs/loader:1282:12)\n    at TracingChannel.traceSync (node:diagnostics_channel:322:14)\n    at wrapModuleLoad (node:internal/modules/cjs/loader:235:24)","timestamp":"2025-08-23T04:30:07.081Z"}
{"level":"info","message":"Server is running on port 3002","service":"post-service","timestamp":"2025-08-23T04:32:20.955Z"}
{"level":"info","message":"MongoDB connected","service":"post-service","timestamp":"2025-08-23T04:32:21.787Z"}
{"level":"info","message":"Server is running on port 3002","service":"post-service","timestamp":"2025-08-23T04:39:54.938Z"}
{"level":"info","message":"MongoDB connected","service":"post-service","timestamp":"2025-08-23T04:39:55.898Z"}
{"level":"info","message":"Server is running on port 3002","service":"post-service","timestamp":"2025-08-29T02:44:00.459Z"}
{"cause":{"commonWireVersion":0,"compatible":true,"heartbeatFrequencyMS":10000,"localThresholdMS":15,"logicalSessionTimeoutMinutes":null,"maxElectionId":null,"maxSetVersion":null,"servers":{"ac-hqc0sa6-shard-00-00.ep6vddc.mongodb.net:27017":{"$clusterTime":null,"address":"ac-hqc0sa6-shard-00-00.ep6vddc.mongodb.net:27017","arbiters":[],"electionId":null,"error":{"beforeHandshake":false,"errorLabelSet":{}},"hosts":[],"iscryptd":false,"lastUpdateTime":8114480,"lastWriteDate":0,"logicalSessionTimeoutMinutes":null,"maxBsonObjectSize":null,"maxMessageSizeBytes":null,"maxWireVersion":0,"maxWriteBatchSize":null,"me":null,"minRoundTripTime":0,"minWireVersion":0,"passives":[],"primary":null,"roundTripTime":-1,"setName":null,"setVersion":null,"tags":{},"topologyVersion":null,"type":"Unknown"},"ac-hqc0sa6-shard-00-01.ep6vddc.mongodb.net:27017":{"$clusterTime":null,"address":"ac-hqc0sa6-shard-00-01.ep6vddc.mongodb.net:27017","arbiters":[],"electionId":null,"error":{"beforeHandshake":false,"errorLabelSet":{}},"hosts":[],"iscryptd":false,"lastUpdateTime":8114575,"lastWriteDate":0,"logicalSessionTimeoutMinutes":null,"maxBsonObjectSize":null,"maxMessageSizeBytes":null,"maxWireVersion":0,"maxWriteBatchSize":null,"me":null,"minRoundTripTime":0,"minWireVersion":0,"passives":[],"primary":null,"roundTripTime":-1,"setName":null,"setVersion":null,"tags":{},"topologyVersion":null,"type":"Unknown"},"ac-hqc0sa6-shard-00-02.ep6vddc.mongodb.net:27017":{"$clusterTime":null,"address":"ac-hqc0sa6-shard-00-02.ep6vddc.mongodb.net:27017","arbiters":[],"electionId":null,"error":{"beforeHandshake":false,"errorLabelSet":{}},"hosts":[],"iscryptd":false,"lastUpdateTime":8114479,"lastWriteDate":0,"logicalSessionTimeoutMinutes":null,"maxBsonObjectSize":null,"maxMessageSizeBytes":null,"maxWireVersion":0,"maxWriteBatchSize":null,"me":null,"minRoundTripTime":0,"minWireVersion":0,"passives":[],"primary":null,"roundTripTime":-1,"setName":null,"setVersion":null,"tags":{},"topologyVersion":null,"type":"Unknown"}},"setName":"atlas-10bc9e-shard-0","stale":false,"type":"ReplicaSetNoPrimary"},"errorLabelSet":{},"level":"error","message":"Could not connect to any servers in your MongoDB Atlas cluster. One common reason is that you're trying to access the database from an IP that isn't whitelisted. Make sure your current IP address is on your Atlas cluster's IP whitelist: https://www.mongodb.com/docs/atlas/security-whitelist/","reason":{"commonWireVersion":0,"compatible":true,"heartbeatFrequencyMS":10000,"localThresholdMS":15,"logicalSessionTimeoutMinutes":null,"maxElectionId":null,"maxSetVersion":null,"servers":{"ac-hqc0sa6-shard-00-00.ep6vddc.mongodb.net:27017":{"$clusterTime":null,"address":"ac-hqc0sa6-shard-00-00.ep6vddc.mongodb.net:27017","arbiters":[],"electionId":null,"error":{"beforeHandshake":false,"errorLabelSet":{}},"hosts":[],"iscryptd":false,"lastUpdateTime":8114480,"lastWriteDate":0,"logicalSessionTimeoutMinutes":null,"maxBsonObjectSize":null,"maxMessageSizeBytes":null,"maxWireVersion":0,"maxWriteBatchSize":null,"me":null,"minRoundTripTime":0,"minWireVersion":0,"passives":[],"primary":null,"roundTripTime":-1,"setName":null,"setVersion":null,"tags":{},"topologyVersion":null,"type":"Unknown"},"ac-hqc0sa6-shard-00-01.ep6vddc.mongodb.net:27017":{"$clusterTime":null,"address":"ac-hqc0sa6-shard-00-01.ep6vddc.mongodb.net:27017","arbiters":[],"electionId":null,"error":{"beforeHandshake":false,"errorLabelSet":{}},"hosts":[],"iscryptd":false,"lastUpdateTime":8114575,"lastWriteDate":0,"logicalSessionTimeoutMinutes":null,"maxBsonObjectSize":null,"maxMessageSizeBytes":null,"maxWireVersion":0,"maxWriteBatchSize":null,"me":null,"minRoundTripTime":0,"minWireVersion":0,"passives":[],"primary":null,"roundTripTime":-1,"setName":null,"setVersion":null,"tags":{},"topologyVersion":null,"type":"Unknown"},"ac-hqc0sa6-shard-00-02.ep6vddc.mongodb.net:27017":{"$clusterTime":null,"address":"ac-hqc0sa6-shard-00-02.ep6vddc.mongodb.net:27017","arbiters":[],"electionId":null,"error":{"beforeHandshake":false,"errorLabelSet":{}},"hosts":[],"iscryptd":false,"lastUpdateTime":8114479,"lastWriteDate":0,"logicalSessionTimeoutMinutes":null,"maxBsonObjectSize":null,"maxMessageSizeBytes":null,"maxWireVersion":0,"maxWriteBatchSize":null,"me":null,"minRoundTripTime":0,"minWireVersion":0,"passives":[],"primary":null,"roundTripTime":-1,"setName":null,"setVersion":null,"tags":{},"topologyVersion":null,"type":"Unknown"}},"setName":"atlas-10bc9e-shard-0","stale":false,"type":"ReplicaSetNoPrimary"},"service":"post-service","stack":"MongooseServerSelectionError: Could not connect to any servers in your MongoDB Atlas cluster. One common reason is that you're trying to access the database from an IP that isn't whitelisted. Make sure your current IP address is on your Atlas cluster's IP whitelist: https://www.mongodb.com/docs/atlas/security-whitelist/\n    at _handleConnectionErrors (C:\\Users\\Rishi\\Desktop\\backend\\Part -2\\social_media_microservices\\post-service\\node_modules\\mongoose\\lib\\connection.js:1165:11)\n    at NativeConnection.openUri (C:\\Users\\Rishi\\Desktop\\backend\\Part -2\\social_media_microservices\\post-service\\node_modules\\mongoose\\lib\\connection.js:1096:11)","timestamp":"2025-08-29T02:44:30.505Z"}
{"level":"info","message":"Server is running on port 3002","service":"post-service","timestamp":"2025-08-29T02:46:04.969Z"}
{"level":"info","message":"MongoDB connected","service":"post-service","timestamp":"2025-08-29T02:46:05.886Z"}
{"level":"info","message":"Server is running on port 3002","service":"post-service","timestamp":"2025-08-29T02:46:08.935Z"}
{"level":"info","message":"MongoDB connected","service":"post-service","timestamp":"2025-08-29T02:46:09.743Z"}
{"level":"info","message":"Server is running on port 3002","service":"post-service","timestamp":"2025-08-29T02:47:50.112Z"}
{"level":"info","message":"MongoDB connected","service":"post-service","timestamp":"2025-08-29T02:47:51.063Z"}
{"level":"info","message":"Server is running on port 3002","service":"post-service","timestamp":"2025-08-29T02:49:05.605Z"}
{"level":"info","message":"MongoDB connected","service":"post-service","timestamp":"2025-08-29T02:49:06.318Z"}
{"level":"info","message":"Server is running on port 3002","service":"post-service","timestamp":"2025-08-29T03:07:08.373Z"}
{"level":"info","message":"MongoDB connected","service":"post-service","timestamp":"2025-08-29T03:07:09.103Z"}
{"level":"info","message":"Server is running on port 3002","service":"post-service","timestamp":"2025-08-29T03:10:27.568Z"}
{"level":"info","message":"MongoDB connected","service":"post-service","timestamp":"2025-08-29T03:10:28.386Z"}
{"level":"info","message":"Server is running on port 3002","service":"post-service","timestamp":"2025-08-29T03:10:50.120Z"}
{"level":"info","message":"MongoDB connected","service":"post-service","timestamp":"2025-08-29T03:10:50.774Z"}
{"level":"info","message":"Server is running on port 3002","service":"post-service","timestamp":"2025-08-29T03:11:19.953Z"}
{"level":"info","message":"MongoDB connected","service":"post-service","timestamp":"2025-08-29T03:11:20.668Z"}
{"level":"info","message":"Server is running on port 3002","service":"post-service","timestamp":"2025-08-29T03:11:43.741Z"}
{"level":"info","message":"MongoDB connected","service":"post-service","timestamp":"2025-08-29T03:11:44.371Z"}
{"level":"info","message":"Server is running on port 3002","service":"post-service","timestamp":"2025-08-29T03:13:03.218Z"}
{"level":"info","message":"MongoDB connected","service":"post-service","timestamp":"2025-08-29T03:13:03.867Z"}
{"0":"\"","1":"c","10":"i","11":"s","12":" ","13":"r","14":"e","15":"q","16":"u","17":"i","18":"r","19":"e","2":"o","20":"d","3":"n","4":"t","5":"e","6":"n","7":"t","8":"\"","9":" ","level":"warn","message":"Validation error:","service":"post-service","timestamp":"2025-08-29T03:24:47.235Z"}
{"$__":{"$versionError":null,"activePaths":{"paths":{"content":"require","user":"require"},"states":{"default":{},"modify":{},"require":{"content":true,"user":true}}},"backup":{"activePaths":{"default":{"_id":true,"createdAt":true},"modify":{"content":true,"mediaIds":true,"updatedAt":true,"user":true}},"validationError":null},"cachedRequired":{},"inserting":true,"op":null,"pathsToScopes":{"mediaIds":{"__v":0,"_id":"68b11d946815ca4ab56b60f3","content":"this is the big content that is needed","createdAt":"2025-08-29T03:25:08.658Z","mediaIds":[],"updatedAt":"2025-08-29T03:25:08.658Z","user":"68a92d869c7a164444ecbee7"}},"saveOptions":null,"savedState":{},"saving":null,"validating":null},"$isNew":false,"_doc":{"__v":0,"_id":"68b11d946815ca4ab56b60f3","content":"this is the big content that is needed","createdAt":"2025-08-29T03:25:08.658Z","mediaIds":[],"updatedAt":"2025-08-29T03:25:08.658Z","user":"68a92d869c7a164444ecbee7"},"level":"info","message":"Post created successfully","service":"post-service","timestamp":"2025-08-29T03:25:08.732Z"}
{"level":"info","message":"Server is running on port 3002","service":"post-service","timestamp":"2025-08-29T03:36:50.658Z"}
{"level":"info","message":"MongoDB connected","service":"post-service","timestamp":"2025-08-29T03:36:51.519Z"}
{"level":"info","message":"Cache hit for key: posts:1:10","service":"post-service","timestamp":"2025-08-29T03:37:48.506Z"}
{"level":"info","message":"Cache hit for key: posts:1:10","service":"post-service","timestamp":"2025-08-29T03:37:50.752Z"}
{"level":"info","message":"Cache hit for key: posts:1:10","service":"post-service","timestamp":"2025-08-29T03:37:52.201Z"}
{"level":"info","message":"Server is running on port 3002","service":"post-service","timestamp":"2025-08-29T03:46:11.167Z"}
{"level":"info","message":"MongoDB connected","service":"post-service","timestamp":"2025-08-29T03:46:11.970Z"}
{"level":"info","message":"Server is running on port 3002","service":"post-service","timestamp":"2025-08-29T03:46:22.471Z"}
{"level":"info","message":"MongoDB connected","service":"post-service","timestamp":"2025-08-29T03:46:23.209Z"}
{"level":"warn","message":"Rate limit exceeded for IP: ::1","service":"post-service","timestamp":"2025-08-29T03:46:27.552Z"}
{"level":"warn","message":"Rate limit exceeded for IP: ::1","service":"post-service","timestamp":"2025-08-29T03:46:34.226Z"}
{"level":"info","message":"Server is running on port 3002","service":"post-service","timestamp":"2025-08-29T03:46:48.859Z"}
{"level":"info","message":"MongoDB connected","service":"post-service","timestamp":"2025-08-29T03:46:49.464Z"}
{"$__":{"$versionError":null,"activePaths":{"paths":{"content":"require","user":"require"},"states":{"default":{},"modify":{},"require":{"content":true,"user":true}}},"backup":{"activePaths":{"default":{"_id":true,"createdAt":true},"modify":{"content":true,"mediaIds":true,"updatedAt":true,"user":true}},"validationError":null},"cachedRequired":{},"inserting":true,"op":null,"pathsToScopes":{"mediaIds":{"__v":0,"_id":"68b122b118a0f891439122c2","content":"this is the big content that is neededasdfasdfsdaf","createdAt":"2025-08-29T03:46:57.959Z","mediaIds":[],"updatedAt":"2025-08-29T03:46:57.959Z","user":"68a92d869c7a164444ecbee7"}},"saveOptions":null,"savedState":{},"saving":null,"validating":null},"$isNew":false,"_doc":{"__v":0,"_id":"68b122b118a0f891439122c2","content":"this is the big content that is neededasdfasdfsdaf","createdAt":"2025-08-29T03:46:57.959Z","mediaIds":[],"updatedAt":"2025-08-29T03:46:57.959Z","user":"68a92d869c7a164444ecbee7"},"level":"info","message":"Post created successfully","service":"post-service","timestamp":"2025-08-29T03:46:58.017Z"}
{"level":"info","message":"Cache hit for key: posts:1:10","service":"post-service","timestamp":"2025-08-29T03:47:01.301Z"}
{"level":"info","message":"Server is running on port 3002","service":"post-service","timestamp":"2025-08-29T03:47:09.116Z"}
{"level":"info","message":"MongoDB connected","service":"post-service","timestamp":"2025-08-29T03:47:09.793Z"}
{"level":"info","message":"Cache hit for key: posts:1:10","service":"post-service","timestamp":"2025-08-29T03:47:11.853Z"}
{"$__":{"$versionError":null,"activePaths":{"paths":{"content":"require","user":"require"},"states":{"default":{},"modify":{},"require":{"content":true,"user":true}}},"backup":{"activePaths":{"default":{"_id":true,"createdAt":true},"modify":{"content":true,"mediaIds":true,"updatedAt":true,"user":true}},"validationError":null},"cachedRequired":{},"inserting":true,"op":null,"pathsToScopes":{"mediaIds":{"__v":0,"_id":"68b122cecea0a612fce1cbd3","content":"this is the big content that is bl;ajh b;laolh bl;ahj","createdAt":"2025-08-29T03:47:26.529Z","mediaIds":[],"updatedAt":"2025-08-29T03:47:26.529Z","user":"68a92d869c7a164444ecbee7"}},"saveOptions":null,"savedState":{},"saving":null,"validating":null},"$isNew":false,"_doc":{"__v":0,"_id":"68b122cecea0a612fce1cbd3","content":"this is the big content that is bl;ajh b;laolh bl;ahj","createdAt":"2025-08-29T03:47:26.529Z","mediaIds":[],"updatedAt":"2025-08-29T03:47:26.529Z","user":"68a92d869c7a164444ecbee7"},"level":"info","message":"Post created successfully","service":"post-service","timestamp":"2025-08-29T03:47:26.588Z"}
{"level":"info","message":"Cache hit for key: posts:1:10","service":"post-service","timestamp":"2025-08-29T03:47:33.572Z"}
{"level":"info","message":"Cache hit for key: posts:1:10","service":"post-service","timestamp":"2025-08-29T03:47:34.336Z"}
{"level":"info","message":"Cache hit for key: posts:1:10","service":"post-service","timestamp":"2025-08-29T03:47:35.051Z"}
{"level":"info","message":"Cache hit for key: posts:1:10","service":"post-service","timestamp":"2025-08-29T03:47:35.745Z"}
{"level":"info","message":"Cache hit for key: posts:1:10","service":"post-service","timestamp":"2025-08-29T03:47:36.386Z"}
{"level":"info","message":"Server is running on port 3002","service":"post-service","timestamp":"2025-08-29T03:55:32.876Z"}
{"level":"info","message":"MongoDB connected","service":"post-service","timestamp":"2025-08-29T03:55:33.713Z"}
{"level":"info","message":"Cache hit for key: post:68b122cecea0a612fce1cbd3","service":"post-service","timestamp":"2025-08-29T03:57:09.661Z"}
{"level":"info","message":"Cache hit for key: post:68b122cecea0a612fce1cbd3","service":"post-service","timestamp":"2025-08-29T03:57:10.441Z"}
{"level":"info","message":"Cache hit for key: post:68b122cecea0a612fce1cbd3","service":"post-service","timestamp":"2025-08-29T03:57:11.063Z"}
{"level":"info","message":"Cache hit for key: post:68b122cecea0a612fce1cbd3","service":"post-service","timestamp":"2025-08-29T03:57:11.724Z"}
{"level":"info","message":"Cache hit for key: post:68b122cecea0a612fce1cbd3","service":"post-service","timestamp":"2025-08-29T03:57:12.341Z"}
{"level":"info","message":"Server is running on port 3002","service":"post-service","timestamp":"2025-08-29T04:00:11.658Z"}
{"level":"info","message":"MongoDB connected","service":"post-service","timestamp":"2025-08-29T04:00:12.317Z"}
{"level":"info","message":"Server is running on port 3002","service":"post-service","timestamp":"2025-08-29T06:59:07.323Z"}
{"level":"info","message":"MongoDB connected","service":"post-service","timestamp":"2025-08-29T06:59:08.521Z"}
{"level":"info","message":"Server is running on port 3002","service":"post-service","timestamp":"2025-08-29T07:02:52.372Z"}
{"level":"info","message":"MongoDB connected","service":"post-service","timestamp":"2025-08-29T07:02:53.115Z"}
{"$__":{"$versionError":null,"activePaths":{"paths":{"content":"require","user":"require"},"states":{"default":{},"modify":{},"require":{"content":true,"user":true}}},"backup":{"activePaths":{"default":{"_id":true,"createdAt":true},"modify":{"content":true,"mediaIds":true,"updatedAt":true,"user":true}},"validationError":null},"cachedRequired":{},"inserting":true,"op":null,"pathsToScopes":{"mediaIds":{"__v":0,"_id":"68b151e21dff5a60649f2254","content":"newww dsflksadjf","createdAt":"2025-08-29T07:08:18.078Z","mediaIds":[],"updatedAt":"2025-08-29T07:08:18.078Z","user":"68a92d869c7a164444ecbee7"}},"saveOptions":null,"savedState":{},"saving":null,"validating":null},"$isNew":false,"_doc":{"__v":0,"_id":"68b151e21dff5a60649f2254","content":"newww dsflksadjf","createdAt":"2025-08-29T07:08:18.078Z","mediaIds":[],"updatedAt":"2025-08-29T07:08:18.078Z","user":"68a92d869c7a164444ecbee7"},"level":"info","message":"Post created successfully","service":"post-service","timestamp":"2025-08-29T07:08:18.135Z"}
{"level":"info","message":"Cache hit for key: posts:1:10","service":"post-service","timestamp":"2025-08-29T07:09:11.454Z"}
{"level":"info","message":"Server is running on port 3002","service":"post-service","timestamp":"2025-08-29T07:13:48.005Z"}
{"level":"info","message":"MongoDB connected","service":"post-service","timestamp":"2025-08-29T07:13:48.824Z"}
{"level":"info","message":"Server is running on port 3002","service":"post-service","timestamp":"2025-08-29T07:14:38.769Z"}
{"level":"info","message":"MongoDB connected","service":"post-service","timestamp":"2025-08-29T07:14:39.343Z"}
{"level":"info","message":"Server is running on port 3002","service":"post-service","timestamp":"2025-08-29T07:19:42.983Z"}
{"level":"info","message":"MongoDB connected","service":"post-service","timestamp":"2025-08-29T07:19:43.766Z"}
{"level":"info","message":"Server is running on port 3002","service":"post-service","timestamp":"2025-08-29T07:20:25.285Z"}
{"level":"info","message":"MongoDB connected","service":"post-service","timestamp":"2025-08-29T07:20:25.896Z"}
{"$__":{"$versionError":null,"activePaths":{"paths":{"content":"require","user":"require"},"states":{"default":{},"modify":{},"require":{"content":true,"user":true}}},"backup":{"activePaths":{"default":{"_id":true,"createdAt":true},"modify":{"content":true,"mediaIds":true,"updatedAt":true,"user":true}},"validationError":null},"cachedRequired":{},"inserting":true,"op":null,"pathsToScopes":{"mediaIds":{"__v":0,"_id":"68b154bf9396729d82f94f76","content":"newww dsflksadjf","createdAt":"2025-08-29T07:20:31.586Z","mediaIds":[],"updatedAt":"2025-08-29T07:20:31.586Z","user":"68a92d869c7a164444ecbee7"}},"saveOptions":null,"savedState":{},"saving":null,"validating":null},"$isNew":false,"_doc":{"__v":0,"_id":"68b154bf9396729d82f94f76","content":"newww dsflksadjf","createdAt":"2025-08-29T07:20:31.586Z","mediaIds":[],"updatedAt":"2025-08-29T07:20:31.586Z","user":"68a92d869c7a164444ecbee7"},"level":"info","message":"Post created successfully","service":"post-service","timestamp":"2025-08-29T07:20:31.639Z"}
{"$__":{"$versionError":null,"activePaths":{"paths":{"content":"require","user":"require"},"states":{"default":{},"modify":{},"require":{"content":true,"user":true}}},"backup":{"activePaths":{"default":{"_id":true,"createdAt":true},"modify":{"content":true,"mediaIds":true,"updatedAt":true,"user":true}},"validationError":null},"cachedRequired":{},"inserting":true,"op":null,"pathsToScopes":{"mediaIds":{"__v":0,"_id":"68b154c09396729d82f94f78","content":"newww dsflksadjf","createdAt":"2025-08-29T07:20:32.274Z","mediaIds":[],"updatedAt":"2025-08-29T07:20:32.274Z","user":"68a92d869c7a164444ecbee7"}},"saveOptions":null,"savedState":{},"saving":null,"validating":null},"$isNew":false,"_doc":{"__v":0,"_id":"68b154c09396729d82f94f78","content":"newww dsflksadjf","createdAt":"2025-08-29T07:20:32.274Z","mediaIds":[],"updatedAt":"2025-08-29T07:20:32.274Z","user":"68a92d869c7a164444ecbee7"},"level":"info","message":"Post created successfully","service":"post-service","timestamp":"2025-08-29T07:20:32.323Z"}
{"$__":{"$versionError":null,"activePaths":{"paths":{"content":"require","user":"require"},"states":{"default":{},"modify":{},"require":{"content":true,"user":true}}},"backup":{"activePaths":{"default":{"_id":true,"createdAt":true},"modify":{"content":true,"mediaIds":true,"updatedAt":true,"user":true}},"validationError":null},"cachedRequired":{},"inserting":true,"op":null,"pathsToScopes":{"mediaIds":{"__v":0,"_id":"68b154c09396729d82f94f7a","content":"newww dsflksadjf","createdAt":"2025-08-29T07:20:32.909Z","mediaIds":[],"updatedAt":"2025-08-29T07:20:32.909Z","user":"68a92d869c7a164444ecbee7"}},"saveOptions":null,"savedState":{},"saving":null,"validating":null},"$isNew":false,"_doc":{"__v":0,"_id":"68b154c09396729d82f94f7a","content":"newww dsflksadjf","createdAt":"2025-08-29T07:20:32.909Z","mediaIds":[],"updatedAt":"2025-08-29T07:20:32.909Z","user":"68a92d869c7a164444ecbee7"},"level":"info","message":"Post created successfully","service":"post-service","timestamp":"2025-08-29T07:20:32.957Z"}
{"$__":{"$versionError":null,"activePaths":{"paths":{"content":"require","user":"require"},"states":{"default":{},"modify":{},"require":{"content":true,"user":true}}},"backup":{"activePaths":{"default":{"_id":true,"createdAt":true},"modify":{"content":true,"mediaIds":true,"updatedAt":true,"user":true}},"validationError":null},"cachedRequired":{},"inserting":true,"op":null,"pathsToScopes":{"mediaIds":{"__v":0,"_id":"68b154c19396729d82f94f7c","content":"newww dsflksadjf","createdAt":"2025-08-29T07:20:33.509Z","mediaIds":[],"updatedAt":"2025-08-29T07:20:33.509Z","user":"68a92d869c7a164444ecbee7"}},"saveOptions":null,"savedState":{},"saving":null,"validating":null},"$isNew":false,"_doc":{"__v":0,"_id":"68b154c19396729d82f94f7c","content":"newww dsflksadjf","createdAt":"2025-08-29T07:20:33.509Z","mediaIds":[],"updatedAt":"2025-08-29T07:20:33.509Z","user":"68a92d869c7a164444ecbee7"},"level":"info","message":"Post created successfully","service":"post-service","timestamp":"2025-08-29T07:20:33.565Z"}
{"$__":{"$versionError":null,"activePaths":{"paths":{"content":"require","user":"require"},"states":{"default":{},"modify":{},"require":{"content":true,"user":true}}},"backup":{"activePaths":{"default":{"_id":true,"createdAt":true},"modify":{"content":true,"mediaIds":true,"updatedAt":true,"user":true}},"validationError":null},"cachedRequired":{},"inserting":true,"op":null,"pathsToScopes":{"mediaIds":{"__v":0,"_id":"68b154c29396729d82f94f7e","content":"newww dsflksadjf","createdAt":"2025-08-29T07:20:34.043Z","mediaIds":[],"updatedAt":"2025-08-29T07:20:34.043Z","user":"68a92d869c7a164444ecbee7"}},"saveOptions":null,"savedState":{},"saving":null,"validating":null},"$isNew":false,"_doc":{"__v":0,"_id":"68b154c29396729d82f94f7e","content":"newww dsflksadjf","createdAt":"2025-08-29T07:20:34.043Z","mediaIds":[],"updatedAt":"2025-08-29T07:20:34.043Z","user":"68a92d869c7a164444ecbee7"},"level":"info","message":"Post created successfully","service":"post-service","timestamp":"2025-08-29T07:20:34.091Z"}
{"level":"info","message":"Server is running on port 3002","service":"post-service","timestamp":"2025-08-29T07:20:53.133Z"}
{"level":"info","message":"MongoDB connected","service":"post-service","timestamp":"2025-08-29T07:20:53.877Z"}
{"level":"info","message":"Cache hit for key: posts:1:10","service":"post-service","timestamp":"2025-08-29T07:21:08.470Z"}
{"level":"info","message":"Server is running on port 3002","service":"post-service","timestamp":"2025-08-29T07:53:14.317Z"}
{"level":"info","message":"MongoDB connected","service":"post-service","timestamp":"2025-08-29T07:53:14.937Z"}
{"level":"info","message":"Server is running on port 3002","service":"post-service","timestamp":"2025-09-01T05:50:59.572Z"}
{"level":"info","message":"MongoDB connected","service":"post-service","timestamp":"2025-09-01T05:51:00.275Z"}
{"level":"info","message":"Server is running on port 3002","service":"post-service","timestamp":"2025-09-01T06:19:43.745Z"}
{"level":"info","message":"MongoDB connected","service":"post-service","timestamp":"2025-09-01T06:19:44.479Z"}
{"level":"info","message":"Server is running on port 3002","service":"post-service","timestamp":"2025-09-01T14:40:32.328Z"}
{"level":"info","message":"MongoDB connected","service":"post-service","timestamp":"2025-09-01T14:40:34.860Z"}
{"0":"\"","1":"m","10":" ","11":"i","12":"s","13":" ","14":"n","15":"o","16":"t","17":" ","18":"a","19":"l","2":"e","20":"l","21":"o","22":"w","23":"e","24":"d","3":"d","4":"i","5":"a","6":"I","7":"d","8":"s","9":"\"","level":"warn","message":"Validation error:","service":"post-service","timestamp":"2025-09-01T14:42:44.965Z"}
{"level":"info","message":"Server is running on port 3002","service":"post-service","timestamp":"2025-09-01T14:43:26.029Z"}
{"level":"info","message":"MongoDB connected","service":"post-service","timestamp":"2025-09-01T14:43:27.626Z"}
{"0":"\"","1":"m","10":"0","11":"]","12":"\"","13":" ","14":"m","15":"u","16":"s","17":"t","18":" ","19":"b","2":"e","20":"e","21":" ","22":"a","23":" ","24":"v","25":"a","26":"l","27":"i","28":"d","29":" ","3":"d","30":"G","31":"U","32":"I","33":"D","4":"i","5":"a","6":"I","7":"d","8":"s","9":"[","level":"warn","message":"Validation error:","service":"post-service","timestamp":"2025-09-01T14:53:35.991Z"}
{"level":"info","message":"Server is running on port 3002","service":"post-service","timestamp":"2025-09-01T14:53:58.611Z"}
{"level":"info","message":"MongoDB connected","service":"post-service","timestamp":"2025-09-01T14:54:02.195Z"}
{"$__":{"$versionError":null,"activePaths":{"paths":{"content":"require","user":"require"},"states":{"default":{},"modify":{},"require":{"content":true,"user":true}}},"backup":{"activePaths":{"default":{"_id":true,"createdAt":true},"modify":{"content":true,"mediaIds":true,"updatedAt":true,"user":true}},"validationError":null},"cachedRequired":{},"inserting":true,"op":null,"pathsToScopes":{"mediaIds":{"__v":0,"_id":"68b5b38c17141ec696613b01","content":"newww dsflksadjf","createdAt":"2025-09-01T14:54:04.540Z","mediaIds":["68b5b0ade281ac1f3561bed0"],"updatedAt":"2025-09-01T14:54:04.540Z","user":"68a92d869c7a164444ecbee7"}},"saveOptions":null,"savedState":{},"saving":null,"validating":null},"$isNew":false,"_doc":{"__v":0,"_id":"68b5b38c17141ec696613b01","content":"newww dsflksadjf","createdAt":"2025-09-01T14:54:04.540Z","mediaIds":["68b5b0ade281ac1f3561bed0"],"updatedAt":"2025-09-01T14:54:04.540Z","user":"68a92d869c7a164444ecbee7"},"level":"info","message":"Post created successfully","service":"post-service","timestamp":"2025-09-01T14:54:04.822Z"}
{"level":"info","message":"Server is running on port 3002","service":"post-service","timestamp":"2025-09-01T15:08:49.360Z"}
{"level":"info","message":"MongoDB connected","service":"post-service","timestamp":"2025-09-01T15:08:51.692Z"}
{"level":"info","message":"Server is running on port 3002","service":"post-service","timestamp":"2025-09-01T15:10:44.927Z"}
{"level":"info","message":"MongoDB connected","service":"post-service","timestamp":"2025-09-01T15:10:47.775Z"}
{"level":"info","message":"Server is running on port 3002","service":"post-service","timestamp":"2025-09-01T15:18:15.305Z"}
{"level":"info","message":"MongoDB connected","service":"post-service","timestamp":"2025-09-01T15:18:17.923Z"}
{"level":"info","message":"Server is running on port 3002","service":"post-service","timestamp":"2025-09-01T15:21:56.589Z"}
{"level":"info","message":"Server is running on port 3002","service":"post-service","timestamp":"2025-09-01T15:21:58.091Z"}
{"level":"info","message":"Server is running on port 3002","service":"post-service","timestamp":"2025-09-01T15:22:14.684Z"}
{"level":"info","message":"MongoDB connected","service":"post-service","timestamp":"2025-09-01T15:22:18.718Z"}
{"level":"info","message":"Server is running on port 3002","service":"post-service","timestamp":"2025-09-01T15:22:33.626Z"}
{"level":"error","message":"Error starting server: e is not defined","service":"post-service","stack":"ReferenceError: e is not defined\n    at connectRabbitMQ (C:\\Users\\Rishi\\Desktop\\backend\\Part -2\\social_media_microservices\\post-service\\src\\utils\\rabbitmq.js:19:55)\n    at process.processTicksAndRejections (node:internal/process/task_queues:105:5)\n    at async startServer (C:\\Users\\Rishi\\Desktop\\backend\\Part -2\\social_media_microservices\\post-service\\src\\server.js:62:9)","timestamp":"2025-09-01T15:22:33.632Z"}
{"level":"error","message":"Error starting server: e is not defined","service":"post-service","stack":"ReferenceError: e is not defined\n    at connectRabbitMQ (C:\\Users\\Rishi\\Desktop\\backend\\Part -2\\social_media_microservices\\post-service\\src\\utils\\rabbitmq.js:19:55)\n    at process.processTicksAndRejections (node:internal/process/task_queues:105:5)\n    at async startServer (C:\\Users\\Rishi\\Desktop\\backend\\Part -2\\social_media_microservices\\post-service\\src\\server.js:62:9)","timestamp":"2025-09-01T15:27:53.524Z"}
{"level":"info","message":"Connected to rabbit mq","service":"post-service","timestamp":"2025-09-02T03:19:57.315Z"}
{"level":"info","message":"Post Service is running on port 3002","service":"post-service","timestamp":"2025-09-02T03:19:57.318Z"}
{"level":"info","message":"MongoDB connected","service":"post-service","timestamp":"2025-09-02T03:19:58.156Z"}
{"$__":{"$versionError":null,"activePaths":{"paths":{"content":"require","user":"require"},"states":{"default":{},"modify":{},"require":{"content":true,"user":true}}},"backup":{"activePaths":{"default":{"_id":true,"createdAt":true},"modify":{"content":true,"mediaIds":true,"updatedAt":true,"user":true}},"validationError":null},"cachedRequired":{},"inserting":true,"op":null,"pathsToScopes":{"mediaIds":{"__v":0,"_id":"68b663eaf8ab37ed9bc42628","content":"dfasdfsadfasdf asdfsadfsdfsdf","createdAt":"2025-09-02T03:26:34.568Z","mediaIds":["68b5b0ade281ac1f3561bed0"],"updatedAt":"2025-09-02T03:26:34.568Z","user":"68a92d869c7a164444ecbee7"}},"saveOptions":null,"savedState":{},"saving":null,"validating":null},"$isNew":false,"_doc":{"__v":0,"_id":"68b663eaf8ab37ed9bc42628","content":"dfasdfsadfasdf asdfsadfsdfsdf","createdAt":"2025-09-02T03:26:34.568Z","mediaIds":["68b5b0ade281ac1f3561bed0"],"updatedAt":"2025-09-02T03:26:34.568Z","user":"68a92d869c7a164444ecbee7"},"level":"info","message":"Post created successfully","service":"post-service","timestamp":"2025-09-02T03:26:34.635Z"}
{"level":"info","mediaIds":["68b5b0ade281ac1f3561bed0"],"message":"Event published to exchange facebook_events with routing key post.deleted","post":"68b663eaf8ab37ed9bc42628","service":"post-service","timestamp":"2025-09-02T03:26:59.874Z","userId":"68a92d869c7a164444ecbee7"}
{"$__":{"$versionError":null,"activePaths":{"paths":{"content":"require","user":"require"},"states":{"default":{},"modify":{},"require":{"content":true,"user":true}}},"backup":{"activePaths":{"default":{"_id":true,"createdAt":true},"modify":{"content":true,"mediaIds":true,"updatedAt":true,"user":true}},"validationError":null},"cachedRequired":{},"inserting":true,"op":null,"pathsToScopes":{"mediaIds":{"__v":0,"_id":"68b66431f8ab37ed9bc4262b","content":"dfasdfsadfasdf asdfsadfsdfsdf","createdAt":"2025-09-02T03:27:45.061Z","mediaIds":["68b5b0ade281ac1f3561bed0"],"updatedAt":"2025-09-02T03:27:45.061Z","user":"68a92d869c7a164444ecbee7"}},"saveOptions":null,"savedState":{},"saving":null,"validating":null},"$isNew":false,"_doc":{"__v":0,"_id":"68b66431f8ab37ed9bc4262b","content":"dfasdfsadfasdf asdfsadfsdfsdf","createdAt":"2025-09-02T03:27:45.061Z","mediaIds":["68b5b0ade281ac1f3561bed0"],"updatedAt":"2025-09-02T03:27:45.061Z","user":"68a92d869c7a164444ecbee7"},"level":"info","message":"Post created successfully","service":"post-service","timestamp":"2025-09-02T03:27:45.116Z"}
{"level":"info","mediaIds":["68b5b0ade281ac1f3561bed0"],"message":"Event published to exchange facebook_events with routing key post.deleted","post":"68b66431f8ab37ed9bc4262b","service":"post-service","timestamp":"2025-09-02T03:27:50.615Z","userId":"68a92d869c7a164444ecbee7"}
{"$__":{"$versionError":null,"activePaths":{"paths":{"content":"require","user":"require"},"states":{"default":{},"modify":{},"require":{"content":true,"user":true}}},"backup":{"activePaths":{"default":{"_id":true,"createdAt":true},"modify":{"content":true,"mediaIds":true,"updatedAt":true,"user":true}},"validationError":null},"cachedRequired":{},"inserting":true,"op":null,"pathsToScopes":{"mediaIds":{"__v":0,"_id":"68b6644cf8ab37ed9bc4262e","content":"dfasdfsadfasdf asdfsadfsdfsdf","createdAt":"2025-09-02T03:28:12.999Z","mediaIds":["68b5b0ade281ac1f3561bed0"],"updatedAt":"2025-09-02T03:28:12.999Z","user":"68a92d869c7a164444ecbee7"}},"saveOptions":null,"savedState":{},"saving":null,"validating":null},"$isNew":false,"_doc":{"__v":0,"_id":"68b6644cf8ab37ed9bc4262e","content":"dfasdfsadfasdf asdfsadfsdfsdf","createdAt":"2025-09-02T03:28:12.999Z","mediaIds":["68b5b0ade281ac1f3561bed0"],"updatedAt":"2025-09-02T03:28:12.999Z","user":"68a92d869c7a164444ecbee7"},"level":"info","message":"Post created successfully","service":"post-service","timestamp":"2025-09-02T03:28:13.054Z"}
{"level":"info","mediaIds":["68b5b0ade281ac1f3561bed0"],"message":"Event published to exchange facebook_events with routing key post.deleted","post":"68b6644cf8ab37ed9bc4262e","service":"post-service","timestamp":"2025-09-02T03:28:19.373Z","userId":"68a92d869c7a164444ecbee7"}
{"level":"info","message":"Connected to rabbit mq","service":"post-service","timestamp":"2025-09-02T03:39:33.160Z"}
{"level":"info","message":"Post Service is running on port 3002","service":"post-service","timestamp":"2025-09-02T03:39:33.163Z"}
{"level":"info","message":"MongoDB connected","service":"post-service","timestamp":"2025-09-02T03:39:33.866Z"}
{"$__":{"$versionError":null,"activePaths":{"paths":{"content":"require","user":"require"},"states":{"default":{},"modify":{},"require":{"content":true,"user":true}}},"backup":{"activePaths":{"default":{"_id":true,"createdAt":true},"modify":{"content":true,"mediaIds":true,"updatedAt":true,"user":true}},"validationError":null},"cachedRequired":{},"inserting":true,"op":null,"pathsToScopes":{"mediaIds":{"__v":0,"_id":"68b668346e7e526a82d74f1a","content":"dfasdfsadfasdf asdfsadfsdfsdf","createdAt":"2025-09-02T03:44:52.879Z","mediaIds":["68b5b0ade281ac1f3561bed0"],"updatedAt":"2025-09-02T03:44:52.879Z","user":"68a92d869c7a164444ecbee7"}},"saveOptions":null,"savedState":{},"saving":null,"validating":null},"$isNew":false,"_doc":{"__v":0,"_id":"68b668346e7e526a82d74f1a","content":"dfasdfsadfasdf asdfsadfsdfsdf","createdAt":"2025-09-02T03:44:52.879Z","mediaIds":["68b5b0ade281ac1f3561bed0"],"updatedAt":"2025-09-02T03:44:52.879Z","user":"68a92d869c7a164444ecbee7"},"level":"info","message":"Post created successfully","service":"post-service","timestamp":"2025-09-02T03:44:52.940Z"}
{"level":"info","mediaIds":["68b5b0ade281ac1f3561bed0"],"message":"Event published to exchange facebook_events with routing key post.deleted","postId":"68b668346e7e526a82d74f1a","service":"post-service","timestamp":"2025-09-02T03:45:30.591Z","userId":"68a92d869c7a164444ecbee7"}
{"level":"info","message":"Connected to rabbit mq","service":"post-service","timestamp":"2025-09-02T04:04:18.424Z"}
{"level":"info","message":"Post Service is running on port 3002","service":"post-service","timestamp":"2025-09-02T04:04:18.427Z"}
{"level":"info","message":"MongoDB connected","service":"post-service","timestamp":"2025-09-02T04:04:19.676Z"}
{"level":"info","message":"Connected to rabbit mq","service":"post-service","timestamp":"2025-09-03T02:51:19.988Z"}
{"level":"info","message":"Post Service is running on port 3002","service":"post-service","timestamp":"2025-09-03T02:51:19.991Z"}
{"level":"info","message":"MongoDB connected","service":"post-service","timestamp":"2025-09-03T02:51:20.771Z"}
{"content":"dfasdfsadfasdf asdfsadfsdfsdf","createdAt":"2025-09-03T02:54:21.706Z","level":"info","message":"Event published to exchange facebook_events with routing key post.created","postId":"68b7adddc5fd65624e6a1d6f","service":"post-service","timestamp":"2025-09-03T02:54:21.777Z","userId":"68a92d869c7a164444ecbee7"}
{"$__":{"$versionError":null,"activePaths":{"paths":{"content":"require","user":"require"},"states":{"default":{},"modify":{},"require":{"content":true,"user":true}}},"backup":{"activePaths":{"default":{"_id":true,"createdAt":true},"modify":{"content":true,"mediaIds":true,"updatedAt":true,"user":true}},"validationError":null},"cachedRequired":{},"inserting":true,"op":null,"pathsToScopes":{"mediaIds":{"__v":0,"_id":"68b7adddc5fd65624e6a1d6f","content":"dfasdfsadfasdf asdfsadfsdfsdf","createdAt":"2025-09-03T02:54:21.706Z","mediaIds":[],"updatedAt":"2025-09-03T02:54:21.706Z","user":"68a92d869c7a164444ecbee7"}},"saveOptions":null,"savedState":{},"saving":null,"validating":null},"$isNew":false,"_doc":{"__v":0,"_id":"68b7adddc5fd65624e6a1d6f","content":"dfasdfsadfasdf asdfsadfsdfsdf","createdAt":"2025-09-03T02:54:21.706Z","mediaIds":[],"updatedAt":"2025-09-03T02:54:21.706Z","user":"68a92d869c7a164444ecbee7"},"level":"info","message":"Post created successfully","service":"post-service","timestamp":"2025-09-03T02:54:21.778Z"}
{"content":"dfasdfsadfasdf asdfsadfsdfsdf","createdAt":"2025-09-03T03:00:17.537Z","level":"info","message":"Event published to exchange facebook_events with routing key post.created","postId":"68b7af41c5fd65624e6a1d71","service":"post-service","timestamp":"2025-09-03T03:00:17.589Z","userId":"68a92d869c7a164444ecbee7"}
{"$__":{"$versionError":null,"activePaths":{"paths":{"content":"require","user":"require"},"states":{"default":{},"modify":{},"require":{"content":true,"user":true}}},"backup":{"activePaths":{"default":{"_id":true,"createdAt":true},"modify":{"content":true,"mediaIds":true,"updatedAt":true,"user":true}},"validationError":null},"cachedRequired":{},"inserting":true,"op":null,"pathsToScopes":{"mediaIds":{"__v":0,"_id":"68b7af41c5fd65624e6a1d71","content":"dfasdfsadfasdf asdfsadfsdfsdf","createdAt":"2025-09-03T03:00:17.537Z","mediaIds":[],"updatedAt":"2025-09-03T03:00:17.537Z","user":"68a92d869c7a164444ecbee7"}},"saveOptions":null,"savedState":{},"saving":null,"validating":null},"$isNew":false,"_doc":{"__v":0,"_id":"68b7af41c5fd65624e6a1d71","content":"dfasdfsadfasdf asdfsadfsdfsdf","createdAt":"2025-09-03T03:00:17.537Z","mediaIds":[],"updatedAt":"2025-09-03T03:00:17.537Z","user":"68a92d869c7a164444ecbee7"},"level":"info","message":"Post created successfully","service":"post-service","timestamp":"2025-09-03T03:00:17.590Z"}
{"content":"dfasdfsadfasdf asdfsadfsdfsdf","createdAt":"2025-09-03T03:02:35.040Z","level":"info","message":"Event published to exchange facebook_events with routing key post.created","postId":"68b7afcbc5fd65624e6a1d73","service":"post-service","timestamp":"2025-09-03T03:02:35.090Z","userId":"68a92d869c7a164444ecbee7"}
{"$__":{"$versionError":null,"activePaths":{"paths":{"content":"require","user":"require"},"states":{"default":{},"modify":{},"require":{"content":true,"user":true}}},"backup":{"activePaths":{"default":{"_id":true,"createdAt":true},"modify":{"content":true,"mediaIds":true,"updatedAt":true,"user":true}},"validationError":null},"cachedRequired":{},"inserting":true,"op":null,"pathsToScopes":{"mediaIds":{"__v":0,"_id":"68b7afcbc5fd65624e6a1d73","content":"dfasdfsadfasdf asdfsadfsdfsdf","createdAt":"2025-09-03T03:02:35.040Z","mediaIds":[],"updatedAt":"2025-09-03T03:02:35.040Z","user":"68a92d869c7a164444ecbee7"}},"saveOptions":null,"savedState":{},"saving":null,"validating":null},"$isNew":false,"_doc":{"__v":0,"_id":"68b7afcbc5fd65624e6a1d73","content":"dfasdfsadfasdf asdfsadfsdfsdf","createdAt":"2025-09-03T03:02:35.040Z","mediaIds":[],"updatedAt":"2025-09-03T03:02:35.040Z","user":"68a92d869c7a164444ecbee7"},"level":"info","message":"Post created successfully","service":"post-service","timestamp":"2025-09-03T03:02:35.090Z"}
{"content":"dfasdfsadfasdf asdfsadfsdfsdf","createdAt":"2025-09-03T03:06:16.462Z","level":"info","message":"Event published to exchange facebook_events with routing key post.created","postId":"68b7b0a8c5fd65624e6a1d75","service":"post-service","timestamp":"2025-09-03T03:06:16.526Z","userId":"68a92d869c7a164444ecbee7"}
{"$__":{"$versionError":null,"activePaths":{"paths":{"content":"require","user":"require"},"states":{"default":{},"modify":{},"require":{"content":true,"user":true}}},"backup":{"activePaths":{"default":{"_id":true,"createdAt":true},"modify":{"content":true,"mediaIds":true,"updatedAt":true,"user":true}},"validationError":null},"cachedRequired":{},"inserting":true,"op":null,"pathsToScopes":{"mediaIds":{"__v":0,"_id":"68b7b0a8c5fd65624e6a1d75","content":"dfasdfsadfasdf asdfsadfsdfsdf","createdAt":"2025-09-03T03:06:16.462Z","mediaIds":[],"updatedAt":"2025-09-03T03:06:16.462Z","user":"68a92d869c7a164444ecbee7"}},"saveOptions":null,"savedState":{},"saving":null,"validating":null},"$isNew":false,"_doc":{"__v":0,"_id":"68b7b0a8c5fd65624e6a1d75","content":"dfasdfsadfasdf asdfsadfsdfsdf","createdAt":"2025-09-03T03:06:16.462Z","mediaIds":[],"updatedAt":"2025-09-03T03:06:16.462Z","user":"68a92d869c7a164444ecbee7"},"level":"info","message":"Post created successfully","service":"post-service","timestamp":"2025-09-03T03:06:16.527Z"}
{"level":"info","mediaIds":[],"message":"Event published to exchange facebook_events with routing key post.deleted","postId":"68b7b0a8c5fd65624e6a1d75","service":"post-service","timestamp":"2025-09-03T03:11:37.054Z","userId":"68a92d869c7a164444ecbee7"}
{"0":"\"","1":"c","10":"l","11":"e","12":"n","13":"g","14":"t","15":"h","16":" ","17":"m","18":"u","19":"s","2":"o","20":"t","21":" ","22":"b","23":"e","24":" ","25":"a","26":"t","27":" ","28":"l","29":"e","3":"n","30":"a","31":"s","32":"t","33":" ","34":"1","35":"0","36":" ","37":"c","38":"h","39":"a","4":"t","40":"r","41":"a","42":"c","43":"t","44":"e","45":"r","46":"s","47":" ","48":"l","49":"o","5":"e","50":"n","51":"g","6":"n","7":"t","8":"\"","9":" ","level":"warn","message":"Validation error:","service":"post-service","timestamp":"2025-09-03T03:19:45.340Z"}
{"0":"\"","1":"c","10":"l","11":"e","12":"n","13":"g","14":"t","15":"h","16":" ","17":"m","18":"u","19":"s","2":"o","20":"t","21":" ","22":"b","23":"e","24":" ","25":"a","26":"t","27":" ","28":"l","29":"e","3":"n","30":"a","31":"s","32":"t","33":" ","34":"1","35":"0","36":" ","37":"c","38":"h","39":"a","4":"t","40":"r","41":"a","42":"c","43":"t","44":"e","45":"r","46":"s","47":" ","48":"l","49":"o","5":"e","50":"n","51":"g","6":"n","7":"t","8":"\"","9":" ","level":"warn","message":"Validation error:","service":"post-service","timestamp":"2025-09-03T03:19:50.711Z"}
{"content":"firsttttttt","createdAt":"2025-09-03T03:19:53.958Z","level":"info","message":"Event published to exchange facebook_events with routing key post.created","postId":"68b7b3d9c5fd65624e6a1d78","service":"post-service","timestamp":"2025-09-03T03:19:54.015Z","userId":"68a92d869c7a164444ecbee7"}
{"$__":{"$versionError":null,"activePaths":{"paths":{"content":"require","user":"require"},"states":{"default":{},"modify":{},"require":{"content":true,"user":true}}},"backup":{"activePaths":{"default":{"_id":true,"createdAt":true},"modify":{"content":true,"mediaIds":true,"updatedAt":true,"user":true}},"validationError":null},"cachedRequired":{},"inserting":true,"op":null,"pathsToScopes":{"mediaIds":{"__v":0,"_id":"68b7b3d9c5fd65624e6a1d78","content":"firsttttttt","createdAt":"2025-09-03T03:19:53.958Z","mediaIds":[],"updatedAt":"2025-09-03T03:19:53.958Z","user":"68a92d869c7a164444ecbee7"}},"saveOptions":null,"savedState":{},"saving":null,"validating":null},"$isNew":false,"_doc":{"__v":0,"_id":"68b7b3d9c5fd65624e6a1d78","content":"firsttttttt","createdAt":"2025-09-03T03:19:53.958Z","mediaIds":[],"updatedAt":"2025-09-03T03:19:53.958Z","user":"68a92d869c7a164444ecbee7"},"level":"info","message":"Post created successfully","service":"post-service","timestamp":"2025-09-03T03:19:54.016Z"}
{"content":"second second","createdAt":"2025-09-03T03:20:04.230Z","level":"info","message":"Event published to exchange facebook_events with routing key post.created","postId":"68b7b3e4c5fd65624e6a1d7a","service":"post-service","timestamp":"2025-09-03T03:20:04.377Z","userId":"68a92d869c7a164444ecbee7"}
{"$__":{"$versionError":null,"activePaths":{"paths":{"content":"require","user":"require"},"states":{"default":{},"modify":{},"require":{"content":true,"user":true}}},"backup":{"activePaths":{"default":{"_id":true,"createdAt":true},"modify":{"content":true,"mediaIds":true,"updatedAt":true,"user":true}},"validationError":null},"cachedRequired":{},"inserting":true,"op":null,"pathsToScopes":{"mediaIds":{"__v":0,"_id":"68b7b3e4c5fd65624e6a1d7a","content":"second second","createdAt":"2025-09-03T03:20:04.230Z","mediaIds":[],"updatedAt":"2025-09-03T03:20:04.230Z","user":"68a92d869c7a164444ecbee7"}},"saveOptions":null,"savedState":{},"saving":null,"validating":null},"$isNew":false,"_doc":{"__v":0,"_id":"68b7b3e4c5fd65624e6a1d7a","content":"second second","createdAt":"2025-09-03T03:20:04.230Z","mediaIds":[],"updatedAt":"2025-09-03T03:20:04.230Z","user":"68a92d869c7a164444ecbee7"},"level":"info","message":"Post created successfully","service":"post-service","timestamp":"2025-09-03T03:20:04.378Z"}
{"content":"third second","createdAt":"2025-09-03T03:20:11.731Z","level":"info","message":"Event published to exchange facebook_events with routing key post.created","postId":"68b7b3ebc5fd65624e6a1d7c","service":"post-service","timestamp":"2025-09-03T03:20:11.785Z","userId":"68a92d869c7a164444ecbee7"}
{"$__":{"$versionError":null,"activePaths":{"paths":{"content":"require","user":"require"},"states":{"default":{},"modify":{},"require":{"content":true,"user":true}}},"backup":{"activePaths":{"default":{"_id":true,"createdAt":true},"modify":{"content":true,"mediaIds":true,"updatedAt":true,"user":true}},"validationError":null},"cachedRequired":{},"inserting":true,"op":null,"pathsToScopes":{"mediaIds":{"__v":0,"_id":"68b7b3ebc5fd65624e6a1d7c","content":"third second","createdAt":"2025-09-03T03:20:11.731Z","mediaIds":[],"updatedAt":"2025-09-03T03:20:11.731Z","user":"68a92d869c7a164444ecbee7"}},"saveOptions":null,"savedState":{},"saving":null,"validating":null},"$isNew":false,"_doc":{"__v":0,"_id":"68b7b3ebc5fd65624e6a1d7c","content":"third second","createdAt":"2025-09-03T03:20:11.731Z","mediaIds":[],"updatedAt":"2025-09-03T03:20:11.731Z","user":"68a92d869c7a164444ecbee7"},"level":"info","message":"Post created successfully","service":"post-service","timestamp":"2025-09-03T03:20:11.786Z"}
{"content":"third fourth","createdAt":"2025-09-03T03:20:17.854Z","level":"info","message":"Event published to exchange facebook_events with routing key post.created","postId":"68b7b3f1c5fd65624e6a1d7e","service":"post-service","timestamp":"2025-09-03T03:20:18.556Z","userId":"68a92d869c7a164444ecbee7"}
{"$__":{"$versionError":null,"activePaths":{"paths":{"content":"require","user":"require"},"states":{"default":{},"modify":{},"require":{"content":true,"user":true}}},"backup":{"activePaths":{"default":{"_id":true,"createdAt":true},"modify":{"content":true,"mediaIds":true,"updatedAt":true,"user":true}},"validationError":null},"cachedRequired":{},"inserting":true,"op":null,"pathsToScopes":{"mediaIds":{"__v":0,"_id":"68b7b3f1c5fd65624e6a1d7e","content":"third fourth","createdAt":"2025-09-03T03:20:17.854Z","mediaIds":[],"updatedAt":"2025-09-03T03:20:17.854Z","user":"68a92d869c7a164444ecbee7"}},"saveOptions":null,"savedState":{},"saving":null,"validating":null},"$isNew":false,"_doc":{"__v":0,"_id":"68b7b3f1c5fd65624e6a1d7e","content":"third fourth","createdAt":"2025-09-03T03:20:17.854Z","mediaIds":[],"updatedAt":"2025-09-03T03:20:17.854Z","user":"68a92d869c7a164444ecbee7"},"level":"info","message":"Post created successfully","service":"post-service","timestamp":"2025-09-03T03:20:18.557Z"}
{"content":"five fourth","createdAt":"2025-09-03T03:20:26.769Z","level":"info","message":"Event published to exchange facebook_events with routing key post.created","postId":"68b7b3fac5fd65624e6a1d80","service":"post-service","timestamp":"2025-09-03T03:20:26.824Z","userId":"68a92d869c7a164444ecbee7"}
{"$__":{"$versionError":null,"activePaths":{"paths":{"content":"require","user":"require"},"states":{"default":{},"modify":{},"require":{"content":true,"user":true}}},"backup":{"activePaths":{"default":{"_id":true,"createdAt":true},"modify":{"content":true,"mediaIds":true,"updatedAt":true,"user":true}},"validationError":null},"cachedRequired":{},"inserting":true,"op":null,"pathsToScopes":{"mediaIds":{"__v":0,"_id":"68b7b3fac5fd65624e6a1d80","content":"five fourth","createdAt":"2025-09-03T03:20:26.769Z","mediaIds":[],"updatedAt":"2025-09-03T03:20:26.769Z","user":"68a92d869c7a164444ecbee7"}},"saveOptions":null,"savedState":{},"saving":null,"validating":null},"$isNew":false,"_doc":{"__v":0,"_id":"68b7b3fac5fd65624e6a1d80","content":"five fourth","createdAt":"2025-09-03T03:20:26.769Z","mediaIds":[],"updatedAt":"2025-09-03T03:20:26.769Z","user":"68a92d869c7a164444ecbee7"},"level":"info","message":"Post created successfully","service":"post-service","timestamp":"2025-09-03T03:20:26.824Z"}
{"0":"\"","1":"c","10":"l","11":"e","12":"n","13":"g","14":"t","15":"h","16":" ","17":"m","18":"u","19":"s","2":"o","20":"t","21":" ","22":"b","23":"e","24":" ","25":"a","26":"t","27":" ","28":"l","29":"e","3":"n","30":"a","31":"s","32":"t","33":" ","34":"1","35":"0","36":" ","37":"c","38":"h","39":"a","4":"t","40":"r","41":"a","42":"c","43":"t","44":"e","45":"r","46":"s","47":" ","48":"l","49":"o","5":"e","50":"n","51":"g","6":"n","7":"t","8":"\"","9":" ","level":"warn","message":"Validation error:","service":"post-service","timestamp":"2025-09-03T03:20:39.946Z"}
{"content":"five four sdaf","createdAt":"2025-09-03T03:20:43.778Z","level":"info","message":"Event published to exchange facebook_events with routing key post.created","postId":"68b7b40bc5fd65624e6a1d82","service":"post-service","timestamp":"2025-09-03T03:20:43.830Z","userId":"68a92d869c7a164444ecbee7"}
{"$__":{"$versionError":null,"activePaths":{"paths":{"content":"require","user":"require"},"states":{"default":{},"modify":{},"require":{"content":true,"user":true}}},"backup":{"activePaths":{"default":{"_id":true,"createdAt":true},"modify":{"content":true,"mediaIds":true,"updatedAt":true,"user":true}},"validationError":null},"cachedRequired":{},"inserting":true,"op":null,"pathsToScopes":{"mediaIds":{"__v":0,"_id":"68b7b40bc5fd65624e6a1d82","content":"five four sdaf","createdAt":"2025-09-03T03:20:43.778Z","mediaIds":[],"updatedAt":"2025-09-03T03:20:43.778Z","user":"68a92d869c7a164444ecbee7"}},"saveOptions":null,"savedState":{},"saving":null,"validating":null},"$isNew":false,"_doc":{"__v":0,"_id":"68b7b40bc5fd65624e6a1d82","content":"five four sdaf","createdAt":"2025-09-03T03:20:43.778Z","mediaIds":[],"updatedAt":"2025-09-03T03:20:43.778Z","user":"68a92d869c7a164444ecbee7"},"level":"info","message":"Post created successfully","service":"post-service","timestamp":"2025-09-03T03:20:43.831Z"}
{"level":"info","message":"Connected to rabbit mq","service":"post-service","timestamp":"2025-09-03T03:25:43.259Z"}
{"level":"info","message":"Post Service is running on port 3002","service":"post-service","timestamp":"2025-09-03T03:25:43.262Z"}
{"level":"info","message":"MongoDB connected","service":"post-service","timestamp":"2025-09-03T03:25:44.030Z"}
